#
# There is insufficient memory for the Java Runtime Environment to continue.
# Native memory allocation (malloc) failed to allocate 844576 bytes. Error detail: Chunk::new
# Possible reasons:
#   The system is out of physical RAM or swap space
#   This process is running with CompressedOops enabled, and the Java Heap may be blocking the growth of the native heap
# Possible solutions:
#   Reduce memory load on the system
#   Increase physical memory or swap space
#   Check if swap backing store is full
#   Decrease Java heap size (-Xmx/-Xms)
#   Decrease number of Java threads
#   Decrease Java thread stack sizes (-Xss)
#   Set larger code cache with -XX:ReservedCodeCacheSize=
#   JVM is running with Zero Based Compressed Oops mode in which the Java heap is
#     placed in the first 32GB address space. The Java Heap base address is the
#     maximum limit for the native heap growth. Please use -XX:HeapBaseMinAddress
#     to set the Java Heap base and to place the Java Heap above 32GB virtual address.
# This output file may be truncated or incomplete.
#
#  Out of Memory Error (arena.cpp:168), pid=3172, tid=22668
#
# JRE version: OpenJDK Runtime Environment JBR-21.0.3+13-509.11-jcef (21.0.3+13) (build 21.0.3+13-b509.11)
# Java VM: OpenJDK 64-Bit Server VM JBR-21.0.3+13-509.11-jcef (21.0.3+13-b509.11, mixed mode, tiered, compressed oops, compressed class ptrs, g1 gc, windows-amd64)
# No core dump will be written. Minidumps are not enabled by default on client versions of Windows
#

---------------  S U M M A R Y ------------

Command Line: git4idea.http.GitAskPassApp Username for 'https://github.com': 

Host: Intel(R) Core(TM) i5-10400F CPU @ 2.90GHz, 12 cores, 15G,  Windows 10 , 64 bit Build 19041 (10.0.19041.3636)
Time: Thu Sep 19 22:57:10 2024  Windows 10 , 64 bit Build 19041 (10.0.19041.3636) elapsed time: 0.930875 seconds (0d 0h 0m 0s)

---------------  T H R E A D  ---------------

Current thread (0x00000216e5114a10):  JavaThread "C2 CompilerThread0" daemon [_thread_in_native, id=22668, stack(0x000000cf37d00000,0x000000cf37e00000) (1024K)]


Current CompileTask:
C2:    930 1048       4       sun.security.ec.ECOperations::setDouble (463 bytes)

Stack: [0x000000cf37d00000,0x000000cf37e00000]
Native frames: (J=compiled Java code, j=interpreted, Vv=VM code, C=native code)
V  [jvm.dll+0x6e02f9]
V  [jvm.dll+0x8bd383]
V  [jvm.dll+0x8bf8de]
V  [jvm.dll+0x8bffc3]
V  [jvm.dll+0x2879c6]
V  [jvm.dll+0xc60ad]
V  [jvm.dll+0xc65e3]
V  [jvm.dll+0x2fd081]
V  [jvm.dll+0x607b29]
V  [jvm.dll+0x2583a2]
V  [jvm.dll+0x25875f]
V  [jvm.dll+0x251045]
V  [jvm.dll+0x24e89e]
V  [jvm.dll+0x1cd034]
V  [jvm.dll+0x25e13c]
V  [jvm.dll+0x25c616]
V  [jvm.dll+0x3fb056]
V  [jvm.dll+0x865338]
V  [jvm.dll+0x6deb3d]
C  [ucrtbase.dll+0x21bb2]
C  [KERNEL32.DLL+0x17344]
C  [ntdll.dll+0x526b1]


---------------  P R O C E S S  ---------------

Threads class SMR info:
_java_thread_list=0x00000216e5ad8600, length=16, elements={
0x00000216c7e8d890, 0x00000216e50b90c0, 0x00000216e50ba330, 0x00000216e5105f80,
0x00000216e51065f0, 0x00000216e51113a0, 0x00000216e51127d0, 0x00000216e5114a10,
0x00000216e513eef0, 0x00000216e52df130, 0x00000216e52e3980, 0x00000216e58f0390,
0x00000216e59328e0, 0x00000216e59345f0, 0x00000216e5a46820, 0x00000216e5a46ef0
}

Java Threads: ( => current thread )
  0x00000216c7e8d890 JavaThread "main"                              [_thread_blocked, id=7644, stack(0x000000cf36f00000,0x000000cf37000000) (1024K)]
  0x00000216e50b90c0 JavaThread "Reference Handler"          daemon [_thread_blocked, id=1264, stack(0x000000cf37700000,0x000000cf37800000) (1024K)]
  0x00000216e50ba330 JavaThread "Finalizer"                  daemon [_thread_blocked, id=21744, stack(0x000000cf37800000,0x000000cf37900000) (1024K)]
  0x00000216e5105f80 JavaThread "Signal Dispatcher"          daemon [_thread_blocked, id=16316, stack(0x000000cf37900000,0x000000cf37a00000) (1024K)]
  0x00000216e51065f0 JavaThread "Attach Listener"            daemon [_thread_blocked, id=2516, stack(0x000000cf37a00000,0x000000cf37b00000) (1024K)]
  0x00000216e51113a0 JavaThread "Service Thread"             daemon [_thread_blocked, id=20188, stack(0x000000cf37b00000,0x000000cf37c00000) (1024K)]
  0x00000216e51127d0 JavaThread "Monitor Deflation Thread"   daemon [_thread_blocked, id=4688, stack(0x000000cf37c00000,0x000000cf37d00000) (1024K)]
=>0x00000216e5114a10 JavaThread "C2 CompilerThread0"         daemon [_thread_in_native, id=22668, stack(0x000000cf37d00000,0x000000cf37e00000) (1024K)]
  0x00000216e513eef0 JavaThread "C1 CompilerThread0"         daemon [_thread_in_vm, id=12804, stack(0x000000cf37e00000,0x000000cf37f00000) (1024K)]
  0x00000216e52df130 JavaThread "Notification Thread"        daemon [_thread_blocked, id=14404, stack(0x000000cf37f00000,0x000000cf38000000) (1024K)]
  0x00000216e52e3980 JavaThread "Common-Cleaner"             daemon [_thread_blocked, id=4556, stack(0x000000cf38000000,0x000000cf38100000) (1024K)]
  0x00000216e58f0390 JavaThread "HttpClient-1-SelectorManager" daemon [_thread_in_native, id=22060, stack(0x000000cf38100000,0x000000cf38200000) (1024K)]
  0x00000216e59328e0 JavaThread "HttpClient-1-Worker-0"      daemon [_thread_blocked, id=20240, stack(0x000000cf38300000,0x000000cf38400000) (1024K)]
  0x00000216e59345f0 JavaThread "HttpClient-1-Worker-1"      daemon [_thread_blocked, id=20368, stack(0x000000cf38400000,0x000000cf38500000) (1024K)]
  0x00000216e5a46820 JavaThread "C2 CompilerThread1"         daemon [_thread_blocked, id=20744, stack(0x000000cf38500000,0x000000cf38600000) (1024K)]
  0x00000216e5a46ef0 JavaThread "C2 CompilerThread2"         daemon [_thread_blocked, id=6352, stack(0x000000cf38600000,0x000000cf38700000) (1024K)]
Total: 16

Other Threads:
  0x00000216e5092bf0 VMThread "VM Thread"                           [id=18316, stack(0x000000cf37600000,0x000000cf37700000) (1024K)]
  0x00000216e4ec0e00 WatcherThread "VM Periodic Task Thread"        [id=17220, stack(0x000000cf37500000,0x000000cf37600000) (1024K)]
  0x00000216c7ef4230 WorkerThread "GC Thread#0"                     [id=22392, stack(0x000000cf37000000,0x000000cf37100000) (1024K)]
  0x00000216c7f05240 ConcurrentGCThread "G1 Main Marker"            [id=21768, stack(0x000000cf37100000,0x000000cf37200000) (1024K)]
  0x00000216c7f064e0 WorkerThread "G1 Conc#0"                       [id=21804, stack(0x000000cf37200000,0x000000cf37300000) (1024K)]
  0x00000216c7f5e530 ConcurrentGCThread "G1 Refine#0"               [id=22508, stack(0x000000cf37300000,0x000000cf37400000) (1024K)]
  0x00000216e4d812c0 ConcurrentGCThread "G1 Service"                [id=12680, stack(0x000000cf37400000,0x000000cf37500000) (1024K)]
Total: 7

Threads with active compile tasks:
C2 CompilerThread0      977 1048       4       sun.security.ec.ECOperations::setDouble (463 bytes)
C1 CompilerThread0      978 1123       3       java.lang.invoke.InvokerBytecodeGenerator::emitStaticInvoke (258 bytes)
Total: 2

VM state: not at safepoint (normal execution)

VM Mutex/Monitor currently owned by a thread: None

Heap address: 0x0000000701800000, size: 4072 MB, Compressed Oops mode: Zero based, Oop shift amount: 3

CDS archive(s) not mapped
Compressed class space mapped at: 0x0000000800000000-0x0000000840000000, reserved size: 1073741824
Narrow klass base: 0x0000000800000000, Narrow klass shift: 0, Narrow klass range: 0x40000000

GC Precious Log:
 CardTable entry size: 512
 Card Set container configuration: InlinePtr #cards 4 size 8 Array Of Cards #cards 16 size 48 Howl #buckets 8 coarsen threshold 3686 Howl Bitmap #cards 512 size 80 coarsen threshold 460 Card regions per heap region 1 cards per card region 4096
 CPUs: 12 total, 12 available
 Memory: 16281M
 Large Page Support: Disabled
 NUMA Support: Disabled
 Compressed Oops: Enabled (Zero based)
 Heap Region Size: 2M
 Heap Min Capacity: 8M
 Heap Initial Capacity: 256M
 Heap Max Capacity: 4072M
 Pre-touch: Disabled
 Parallel Workers: 10
 Concurrent Workers: 3
 Concurrent Refinement Workers: 10
 Periodic GC: Disabled

Heap:
 garbage-first heap   total 262144K, used 14336K [0x0000000701800000, 0x0000000800000000)
  region size 2048K, 8 young (16384K), 0 survivors (0K)
 Metaspace       used 18007K, committed 18240K, reserved 1114112K
  class space    used 1799K, committed 1920K, reserved 1048576K

Heap Regions: E=young(eden), S=young(survivor), O=old, HS=humongous(starts), HC=humongous(continues), CS=collection set, F=free, TAMS=top-at-mark-start, PB=parsable bottom
|   0|0x0000000701800000, 0x0000000701800000, 0x0000000701a00000|  0%| F|  |TAMS 0x0000000701800000| PB 0x0000000701800000| Untracked 
|   1|0x0000000701a00000, 0x0000000701a00000, 0x0000000701c00000|  0%| F|  |TAMS 0x0000000701a00000| PB 0x0000000701a00000| Untracked 
|   2|0x0000000701c00000, 0x0000000701c00000, 0x0000000701e00000|  0%| F|  |TAMS 0x0000000701c00000| PB 0x0000000701c00000| Untracked 
|   3|0x0000000701e00000, 0x0000000701e00000, 0x0000000702000000|  0%| F|  |TAMS 0x0000000701e00000| PB 0x0000000701e00000| Untracked 
|   4|0x0000000702000000, 0x0000000702000000, 0x0000000702200000|  0%| F|  |TAMS 0x0000000702000000| PB 0x0000000702000000| Untracked 
|   5|0x0000000702200000, 0x0000000702200000, 0x0000000702400000|  0%| F|  |TAMS 0x0000000702200000| PB 0x0000000702200000| Untracked 
|   6|0x0000000702400000, 0x0000000702400000, 0x0000000702600000|  0%| F|  |TAMS 0x0000000702400000| PB 0x0000000702400000| Untracked 
|   7|0x0000000702600000, 0x0000000702600000, 0x0000000702800000|  0%| F|  |TAMS 0x0000000702600000| PB 0x0000000702600000| Untracked 
|   8|0x0000000702800000, 0x0000000702800000, 0x0000000702a00000|  0%| F|  |TAMS 0x0000000702800000| PB 0x0000000702800000| Untracked 
|   9|0x0000000702a00000, 0x0000000702a00000, 0x0000000702c00000|  0%| F|  |TAMS 0x0000000702a00000| PB 0x0000000702a00000| Untracked 
|  10|0x0000000702c00000, 0x0000000702c00000, 0x0000000702e00000|  0%| F|  |TAMS 0x0000000702c00000| PB 0x0000000702c00000| Untracked 
|  11|0x0000000702e00000, 0x0000000702e00000, 0x0000000703000000|  0%| F|  |TAMS 0x0000000702e00000| PB 0x0000000702e00000| Untracked 
|  12|0x0000000703000000, 0x0000000703000000, 0x0000000703200000|  0%| F|  |TAMS 0x0000000703000000| PB 0x0000000703000000| Untracked 
|  13|0x0000000703200000, 0x0000000703200000, 0x0000000703400000|  0%| F|  |TAMS 0x0000000703200000| PB 0x0000000703200000| Untracked 
|  14|0x0000000703400000, 0x0000000703400000, 0x0000000703600000|  0%| F|  |TAMS 0x0000000703400000| PB 0x0000000703400000| Untracked 
|  15|0x0000000703600000, 0x0000000703600000, 0x0000000703800000|  0%| F|  |TAMS 0x0000000703600000| PB 0x0000000703600000| Untracked 
|  16|0x0000000703800000, 0x0000000703800000, 0x0000000703a00000|  0%| F|  |TAMS 0x0000000703800000| PB 0x0000000703800000| Untracked 
|  17|0x0000000703a00000, 0x0000000703a00000, 0x0000000703c00000|  0%| F|  |TAMS 0x0000000703a00000| PB 0x0000000703a00000| Untracked 
|  18|0x0000000703c00000, 0x0000000703c00000, 0x0000000703e00000|  0%| F|  |TAMS 0x0000000703c00000| PB 0x0000000703c00000| Untracked 
|  19|0x0000000703e00000, 0x0000000703e00000, 0x0000000704000000|  0%| F|  |TAMS 0x0000000703e00000| PB 0x0000000703e00000| Untracked 
|  20|0x0000000704000000, 0x0000000704000000, 0x0000000704200000|  0%| F|  |TAMS 0x0000000704000000| PB 0x0000000704000000| Untracked 
|  21|0x0000000704200000, 0x0000000704200000, 0x0000000704400000|  0%| F|  |TAMS 0x0000000704200000| PB 0x0000000704200000| Untracked 
|  22|0x0000000704400000, 0x0000000704400000, 0x0000000704600000|  0%| F|  |TAMS 0x0000000704400000| PB 0x0000000704400000| Untracked 
|  23|0x0000000704600000, 0x0000000704600000, 0x0000000704800000|  0%| F|  |TAMS 0x0000000704600000| PB 0x0000000704600000| Untracked 
|  24|0x0000000704800000, 0x0000000704800000, 0x0000000704a00000|  0%| F|  |TAMS 0x0000000704800000| PB 0x0000000704800000| Untracked 
|  25|0x0000000704a00000, 0x0000000704a00000, 0x0000000704c00000|  0%| F|  |TAMS 0x0000000704a00000| PB 0x0000000704a00000| Untracked 
|  26|0x0000000704c00000, 0x0000000704c00000, 0x0000000704e00000|  0%| F|  |TAMS 0x0000000704c00000| PB 0x0000000704c00000| Untracked 
|  27|0x0000000704e00000, 0x0000000704e00000, 0x0000000705000000|  0%| F|  |TAMS 0x0000000704e00000| PB 0x0000000704e00000| Untracked 
|  28|0x0000000705000000, 0x0000000705000000, 0x0000000705200000|  0%| F|  |TAMS 0x0000000705000000| PB 0x0000000705000000| Untracked 
|  29|0x0000000705200000, 0x0000000705200000, 0x0000000705400000|  0%| F|  |TAMS 0x0000000705200000| PB 0x0000000705200000| Untracked 
|  30|0x0000000705400000, 0x0000000705400000, 0x0000000705600000|  0%| F|  |TAMS 0x0000000705400000| PB 0x0000000705400000| Untracked 
|  31|0x0000000705600000, 0x0000000705600000, 0x0000000705800000|  0%| F|  |TAMS 0x0000000705600000| PB 0x0000000705600000| Untracked 
|  32|0x0000000705800000, 0x0000000705800000, 0x0000000705a00000|  0%| F|  |TAMS 0x0000000705800000| PB 0x0000000705800000| Untracked 
|  33|0x0000000705a00000, 0x0000000705a00000, 0x0000000705c00000|  0%| F|  |TAMS 0x0000000705a00000| PB 0x0000000705a00000| Untracked 
|  34|0x0000000705c00000, 0x0000000705c00000, 0x0000000705e00000|  0%| F|  |TAMS 0x0000000705c00000| PB 0x0000000705c00000| Untracked 
|  35|0x0000000705e00000, 0x0000000705e00000, 0x0000000706000000|  0%| F|  |TAMS 0x0000000705e00000| PB 0x0000000705e00000| Untracked 
|  36|0x0000000706000000, 0x0000000706000000, 0x0000000706200000|  0%| F|  |TAMS 0x0000000706000000| PB 0x0000000706000000| Untracked 
|  37|0x0000000706200000, 0x0000000706200000, 0x0000000706400000|  0%| F|  |TAMS 0x0000000706200000| PB 0x0000000706200000| Untracked 
|  38|0x0000000706400000, 0x0000000706400000, 0x0000000706600000|  0%| F|  |TAMS 0x0000000706400000| PB 0x0000000706400000| Untracked 
|  39|0x0000000706600000, 0x0000000706600000, 0x0000000706800000|  0%| F|  |TAMS 0x0000000706600000| PB 0x0000000706600000| Untracked 
|  40|0x0000000706800000, 0x0000000706800000, 0x0000000706a00000|  0%| F|  |TAMS 0x0000000706800000| PB 0x0000000706800000| Untracked 
|  41|0x0000000706a00000, 0x0000000706a00000, 0x0000000706c00000|  0%| F|  |TAMS 0x0000000706a00000| PB 0x0000000706a00000| Untracked 
|  42|0x0000000706c00000, 0x0000000706c00000, 0x0000000706e00000|  0%| F|  |TAMS 0x0000000706c00000| PB 0x0000000706c00000| Untracked 
|  43|0x0000000706e00000, 0x0000000706e00000, 0x0000000707000000|  0%| F|  |TAMS 0x0000000706e00000| PB 0x0000000706e00000| Untracked 
|  44|0x0000000707000000, 0x0000000707000000, 0x0000000707200000|  0%| F|  |TAMS 0x0000000707000000| PB 0x0000000707000000| Untracked 
|  45|0x0000000707200000, 0x0000000707200000, 0x0000000707400000|  0%| F|  |TAMS 0x0000000707200000| PB 0x0000000707200000| Untracked 
|  46|0x0000000707400000, 0x0000000707400000, 0x0000000707600000|  0%| F|  |TAMS 0x0000000707400000| PB 0x0000000707400000| Untracked 
|  47|0x0000000707600000, 0x0000000707600000, 0x0000000707800000|  0%| F|  |TAMS 0x0000000707600000| PB 0x0000000707600000| Untracked 
|  48|0x0000000707800000, 0x0000000707800000, 0x0000000707a00000|  0%| F|  |TAMS 0x0000000707800000| PB 0x0000000707800000| Untracked 
|  49|0x0000000707a00000, 0x0000000707a00000, 0x0000000707c00000|  0%| F|  |TAMS 0x0000000707a00000| PB 0x0000000707a00000| Untracked 
|  50|0x0000000707c00000, 0x0000000707c00000, 0x0000000707e00000|  0%| F|  |TAMS 0x0000000707c00000| PB 0x0000000707c00000| Untracked 
|  51|0x0000000707e00000, 0x0000000707e00000, 0x0000000708000000|  0%| F|  |TAMS 0x0000000707e00000| PB 0x0000000707e00000| Untracked 
|  52|0x0000000708000000, 0x0000000708000000, 0x0000000708200000|  0%| F|  |TAMS 0x0000000708000000| PB 0x0000000708000000| Untracked 
|  53|0x0000000708200000, 0x0000000708200000, 0x0000000708400000|  0%| F|  |TAMS 0x0000000708200000| PB 0x0000000708200000| Untracked 
|  54|0x0000000708400000, 0x0000000708400000, 0x0000000708600000|  0%| F|  |TAMS 0x0000000708400000| PB 0x0000000708400000| Untracked 
|  55|0x0000000708600000, 0x0000000708600000, 0x0000000708800000|  0%| F|  |TAMS 0x0000000708600000| PB 0x0000000708600000| Untracked 
|  56|0x0000000708800000, 0x0000000708800000, 0x0000000708a00000|  0%| F|  |TAMS 0x0000000708800000| PB 0x0000000708800000| Untracked 
|  57|0x0000000708a00000, 0x0000000708a00000, 0x0000000708c00000|  0%| F|  |TAMS 0x0000000708a00000| PB 0x0000000708a00000| Untracked 
|  58|0x0000000708c00000, 0x0000000708c00000, 0x0000000708e00000|  0%| F|  |TAMS 0x0000000708c00000| PB 0x0000000708c00000| Untracked 
|  59|0x0000000708e00000, 0x0000000708e00000, 0x0000000709000000|  0%| F|  |TAMS 0x0000000708e00000| PB 0x0000000708e00000| Untracked 
|  60|0x0000000709000000, 0x0000000709000000, 0x0000000709200000|  0%| F|  |TAMS 0x0000000709000000| PB 0x0000000709000000| Untracked 
|  61|0x0000000709200000, 0x0000000709200000, 0x0000000709400000|  0%| F|  |TAMS 0x0000000709200000| PB 0x0000000709200000| Untracked 
|  62|0x0000000709400000, 0x0000000709400000, 0x0000000709600000|  0%| F|  |TAMS 0x0000000709400000| PB 0x0000000709400000| Untracked 
|  63|0x0000000709600000, 0x0000000709600000, 0x0000000709800000|  0%| F|  |TAMS 0x0000000709600000| PB 0x0000000709600000| Untracked 
|  64|0x0000000709800000, 0x0000000709800000, 0x0000000709a00000|  0%| F|  |TAMS 0x0000000709800000| PB 0x0000000709800000| Untracked 
|  65|0x0000000709a00000, 0x0000000709a00000, 0x0000000709c00000|  0%| F|  |TAMS 0x0000000709a00000| PB 0x0000000709a00000| Untracked 
|  66|0x0000000709c00000, 0x0000000709c00000, 0x0000000709e00000|  0%| F|  |TAMS 0x0000000709c00000| PB 0x0000000709c00000| Untracked 
|  67|0x0000000709e00000, 0x0000000709e00000, 0x000000070a000000|  0%| F|  |TAMS 0x0000000709e00000| PB 0x0000000709e00000| Untracked 
|  68|0x000000070a000000, 0x000000070a000000, 0x000000070a200000|  0%| F|  |TAMS 0x000000070a000000| PB 0x000000070a000000| Untracked 
|  69|0x000000070a200000, 0x000000070a200000, 0x000000070a400000|  0%| F|  |TAMS 0x000000070a200000| PB 0x000000070a200000| Untracked 
|  70|0x000000070a400000, 0x000000070a400000, 0x000000070a600000|  0%| F|  |TAMS 0x000000070a400000| PB 0x000000070a400000| Untracked 
|  71|0x000000070a600000, 0x000000070a600000, 0x000000070a800000|  0%| F|  |TAMS 0x000000070a600000| PB 0x000000070a600000| Untracked 
|  72|0x000000070a800000, 0x000000070a800000, 0x000000070aa00000|  0%| F|  |TAMS 0x000000070a800000| PB 0x000000070a800000| Untracked 
|  73|0x000000070aa00000, 0x000000070aa00000, 0x000000070ac00000|  0%| F|  |TAMS 0x000000070aa00000| PB 0x000000070aa00000| Untracked 
|  74|0x000000070ac00000, 0x000000070ac00000, 0x000000070ae00000|  0%| F|  |TAMS 0x000000070ac00000| PB 0x000000070ac00000| Untracked 
|  75|0x000000070ae00000, 0x000000070ae00000, 0x000000070b000000|  0%| F|  |TAMS 0x000000070ae00000| PB 0x000000070ae00000| Untracked 
|  76|0x000000070b000000, 0x000000070b000000, 0x000000070b200000|  0%| F|  |TAMS 0x000000070b000000| PB 0x000000070b000000| Untracked 
|  77|0x000000070b200000, 0x000000070b200000, 0x000000070b400000|  0%| F|  |TAMS 0x000000070b200000| PB 0x000000070b200000| Untracked 
|  78|0x000000070b400000, 0x000000070b400000, 0x000000070b600000|  0%| F|  |TAMS 0x000000070b400000| PB 0x000000070b400000| Untracked 
|  79|0x000000070b600000, 0x000000070b600000, 0x000000070b800000|  0%| F|  |TAMS 0x000000070b600000| PB 0x000000070b600000| Untracked 
|  80|0x000000070b800000, 0x000000070b800000, 0x000000070ba00000|  0%| F|  |TAMS 0x000000070b800000| PB 0x000000070b800000| Untracked 
|  81|0x000000070ba00000, 0x000000070ba00000, 0x000000070bc00000|  0%| F|  |TAMS 0x000000070ba00000| PB 0x000000070ba00000| Untracked 
|  82|0x000000070bc00000, 0x000000070bc00000, 0x000000070be00000|  0%| F|  |TAMS 0x000000070bc00000| PB 0x000000070bc00000| Untracked 
|  83|0x000000070be00000, 0x000000070be00000, 0x000000070c000000|  0%| F|  |TAMS 0x000000070be00000| PB 0x000000070be00000| Untracked 
|  84|0x000000070c000000, 0x000000070c000000, 0x000000070c200000|  0%| F|  |TAMS 0x000000070c000000| PB 0x000000070c000000| Untracked 
|  85|0x000000070c200000, 0x000000070c200000, 0x000000070c400000|  0%| F|  |TAMS 0x000000070c200000| PB 0x000000070c200000| Untracked 
|  86|0x000000070c400000, 0x000000070c400000, 0x000000070c600000|  0%| F|  |TAMS 0x000000070c400000| PB 0x000000070c400000| Untracked 
|  87|0x000000070c600000, 0x000000070c600000, 0x000000070c800000|  0%| F|  |TAMS 0x000000070c600000| PB 0x000000070c600000| Untracked 
|  88|0x000000070c800000, 0x000000070c800000, 0x000000070ca00000|  0%| F|  |TAMS 0x000000070c800000| PB 0x000000070c800000| Untracked 
|  89|0x000000070ca00000, 0x000000070ca00000, 0x000000070cc00000|  0%| F|  |TAMS 0x000000070ca00000| PB 0x000000070ca00000| Untracked 
|  90|0x000000070cc00000, 0x000000070cc00000, 0x000000070ce00000|  0%| F|  |TAMS 0x000000070cc00000| PB 0x000000070cc00000| Untracked 
|  91|0x000000070ce00000, 0x000000070ce00000, 0x000000070d000000|  0%| F|  |TAMS 0x000000070ce00000| PB 0x000000070ce00000| Untracked 
|  92|0x000000070d000000, 0x000000070d000000, 0x000000070d200000|  0%| F|  |TAMS 0x000000070d000000| PB 0x000000070d000000| Untracked 
|  93|0x000000070d200000, 0x000000070d200000, 0x000000070d400000|  0%| F|  |TAMS 0x000000070d200000| PB 0x000000070d200000| Untracked 
|  94|0x000000070d400000, 0x000000070d400000, 0x000000070d600000|  0%| F|  |TAMS 0x000000070d400000| PB 0x000000070d400000| Untracked 
|  95|0x000000070d600000, 0x000000070d600000, 0x000000070d800000|  0%| F|  |TAMS 0x000000070d600000| PB 0x000000070d600000| Untracked 
|  96|0x000000070d800000, 0x000000070d800000, 0x000000070da00000|  0%| F|  |TAMS 0x000000070d800000| PB 0x000000070d800000| Untracked 
|  97|0x000000070da00000, 0x000000070da00000, 0x000000070dc00000|  0%| F|  |TAMS 0x000000070da00000| PB 0x000000070da00000| Untracked 
|  98|0x000000070dc00000, 0x000000070dc00000, 0x000000070de00000|  0%| F|  |TAMS 0x000000070dc00000| PB 0x000000070dc00000| Untracked 
|  99|0x000000070de00000, 0x000000070de00000, 0x000000070e000000|  0%| F|  |TAMS 0x000000070de00000| PB 0x000000070de00000| Untracked 
| 100|0x000000070e000000, 0x000000070e000000, 0x000000070e200000|  0%| F|  |TAMS 0x000000070e000000| PB 0x000000070e000000| Untracked 
| 101|0x000000070e200000, 0x000000070e200000, 0x000000070e400000|  0%| F|  |TAMS 0x000000070e200000| PB 0x000000070e200000| Untracked 
| 102|0x000000070e400000, 0x000000070e400000, 0x000000070e600000|  0%| F|  |TAMS 0x000000070e400000| PB 0x000000070e400000| Untracked 
| 103|0x000000070e600000, 0x000000070e600000, 0x000000070e800000|  0%| F|  |TAMS 0x000000070e600000| PB 0x000000070e600000| Untracked 
| 104|0x000000070e800000, 0x000000070e800000, 0x000000070ea00000|  0%| F|  |TAMS 0x000000070e800000| PB 0x000000070e800000| Untracked 
| 105|0x000000070ea00000, 0x000000070ea00000, 0x000000070ec00000|  0%| F|  |TAMS 0x000000070ea00000| PB 0x000000070ea00000| Untracked 
| 106|0x000000070ec00000, 0x000000070ec00000, 0x000000070ee00000|  0%| F|  |TAMS 0x000000070ec00000| PB 0x000000070ec00000| Untracked 
| 107|0x000000070ee00000, 0x000000070ee00000, 0x000000070f000000|  0%| F|  |TAMS 0x000000070ee00000| PB 0x000000070ee00000| Untracked 
| 108|0x000000070f000000, 0x000000070f000000, 0x000000070f200000|  0%| F|  |TAMS 0x000000070f000000| PB 0x000000070f000000| Untracked 
| 109|0x000000070f200000, 0x000000070f200000, 0x000000070f400000|  0%| F|  |TAMS 0x000000070f200000| PB 0x000000070f200000| Untracked 
| 110|0x000000070f400000, 0x000000070f400000, 0x000000070f600000|  0%| F|  |TAMS 0x000000070f400000| PB 0x000000070f400000| Untracked 
| 111|0x000000070f600000, 0x000000070f600000, 0x000000070f800000|  0%| F|  |TAMS 0x000000070f600000| PB 0x000000070f600000| Untracked 
| 112|0x000000070f800000, 0x000000070f800000, 0x000000070fa00000|  0%| F|  |TAMS 0x000000070f800000| PB 0x000000070f800000| Untracked 
| 113|0x000000070fa00000, 0x000000070fa00000, 0x000000070fc00000|  0%| F|  |TAMS 0x000000070fa00000| PB 0x000000070fa00000| Untracked 
| 114|0x000000070fc00000, 0x000000070fc00000, 0x000000070fe00000|  0%| F|  |TAMS 0x000000070fc00000| PB 0x000000070fc00000| Untracked 
| 115|0x000000070fe00000, 0x000000070fe00000, 0x0000000710000000|  0%| F|  |TAMS 0x000000070fe00000| PB 0x000000070fe00000| Untracked 
| 116|0x0000000710000000, 0x0000000710000000, 0x0000000710200000|  0%| F|  |TAMS 0x0000000710000000| PB 0x0000000710000000| Untracked 
| 117|0x0000000710200000, 0x0000000710200000, 0x0000000710400000|  0%| F|  |TAMS 0x0000000710200000| PB 0x0000000710200000| Untracked 
| 118|0x0000000710400000, 0x0000000710400000, 0x0000000710600000|  0%| F|  |TAMS 0x0000000710400000| PB 0x0000000710400000| Untracked 
| 119|0x0000000710600000, 0x0000000710600000, 0x0000000710800000|  0%| F|  |TAMS 0x0000000710600000| PB 0x0000000710600000| Untracked 
| 120|0x0000000710800000, 0x0000000710a00000, 0x0000000710a00000|100%| E|  |TAMS 0x0000000710800000| PB 0x0000000710800000| Complete 
| 121|0x0000000710a00000, 0x0000000710c00000, 0x0000000710c00000|100%| E|CS|TAMS 0x0000000710a00000| PB 0x0000000710a00000| Complete 
| 122|0x0000000710c00000, 0x0000000710e00000, 0x0000000710e00000|100%| E|CS|TAMS 0x0000000710c00000| PB 0x0000000710c00000| Complete 
| 123|0x0000000710e00000, 0x0000000711000000, 0x0000000711000000|100%| E|CS|TAMS 0x0000000710e00000| PB 0x0000000710e00000| Complete 
| 124|0x0000000711000000, 0x0000000711200000, 0x0000000711200000|100%| E|CS|TAMS 0x0000000711000000| PB 0x0000000711000000| Complete 
| 125|0x0000000711200000, 0x0000000711400000, 0x0000000711400000|100%| E|CS|TAMS 0x0000000711200000| PB 0x0000000711200000| Complete 
| 126|0x0000000711400000, 0x0000000711600000, 0x0000000711600000|100%| E|CS|TAMS 0x0000000711400000| PB 0x0000000711400000| Complete 
| 127|0x0000000711600000, 0x0000000711800000, 0x0000000711800000|100%| E|CS|TAMS 0x0000000711600000| PB 0x0000000711600000| Complete 

Card table byte_map: [0x00000216dda70000,0x00000216de270000] _byte_map_base: 0x00000216da264000

Marking Bits: (CMBitMap*) 0x00000216c7ef4930
 Bits: [0x00000216de270000, 0x00000216e2210000)

Polling page: 0x00000216c7ce0000

Metaspace:

Usage:
  Non-class:     15.85 MB used.
      Class:      1.76 MB used.
       Both:     17.62 MB used.

Virtual space:
  Non-class space:       64.00 MB reserved,      16.00 MB ( 25%) committed,  1 nodes.
      Class space:        1.00 GB reserved,       1.88 MB ( <1%) committed,  1 nodes.
             Both:        1.06 GB reserved,      17.88 MB (  2%) committed. 

Chunk freelists:
   Non-Class:  2.00 KB
       Class:  14.13 MB
        Both:  14.14 MB

MaxMetaspaceSize: unlimited
CompressedClassSpaceSize: 1.00 GB
Initial GC threshold: 21.00 MB
Current GC threshold: 21.00 MB
CDS: off
 - commit_granule_bytes: 65536.
 - commit_granule_words: 8192.
 - virtual_space_node_default_size: 8388608.
 - enlarge_chunks_in_place: 1.
 - use_allocation_guard: 0.


Internal statistics:

num_allocs_failed_limit: 0.
num_arena_births: 242.
num_arena_deaths: 0.
num_vsnodes_births: 2.
num_vsnodes_deaths: 0.
num_space_committed: 286.
num_space_uncommitted: 0.
num_chunks_returned_to_freelist: 0.
num_chunks_taken_from_freelist: 447.
num_chunk_merges: 0.
num_chunk_splits: 249.
num_chunks_enlarged: 104.
num_inconsistent_stats: 0.

CodeHeap 'non-profiled nmethods': size=120000Kb used=377Kb max_used=377Kb free=119622Kb
 bounds [0x00000216d50b0000, 0x00000216d5320000, 0x00000216dc5e0000]
CodeHeap 'profiled nmethods': size=120000Kb used=1834Kb max_used=1834Kb free=118165Kb
 bounds [0x00000216cd5e0000, 0x00000216cd850000, 0x00000216d4b10000]
CodeHeap 'non-nmethods': size=5760Kb used=1433Kb max_used=1465Kb free=4326Kb
 bounds [0x00000216d4b10000, 0x00000216d4d80000, 0x00000216d50b0000]
 total_blobs=1648 nmethods=1129 adapters=424
 compilation: enabled
              stopped_count=0, restarted_count=0
 full_count=0

Compilation events (20 events):
Event: 0.890 Thread 0x00000216e513eef0 1076       3       java.lang.invoke.Invokers$Holder::linkToTargetMethod (8 bytes)
Event: 0.890 Thread 0x00000216e513eef0 nmethod 1076 0x00000216cd788e10 code [0x00000216cd788fe0, 0x00000216cd7892e0]
Event: 0.890 Thread 0x00000216e513eef0 1077       3       java.lang.invoke.LambdaForm$MH/0x00000008000c0000::invoke (8 bytes)
Event: 0.890 Thread 0x00000216e513eef0 nmethod 1077 0x00000216cd789390 code [0x00000216cd789540, 0x00000216cd789798]
Event: 0.892 Thread 0x00000216e513eef0 1078       3       jdk.internal.misc.Unsafe::putIntUnaligned (79 bytes)
Event: 0.892 Thread 0x00000216e513eef0 nmethod 1078 0x00000216cd789890 code [0x00000216cd789a60, 0x00000216cd789e08]
Event: 0.893 Thread 0x00000216e513eef0 1079       3       jdk.internal.misc.Unsafe::putIntUnaligned (14 bytes)
Event: 0.893 Thread 0x00000216e513eef0 nmethod 1079 0x00000216cd789f10 code [0x00000216cd78a0c0, 0x00000216cd78a308]
Event: 0.897 Thread 0x00000216e513eef0 1080       3       sun.security.provider.ByteArrayAccess::b2iBig64 (231 bytes)
Event: 0.897 Thread 0x00000216e5a46820 nmethod 1073 0x00000216d5109790 code [0x00000216d5109940, 0x00000216d5109d28]
Event: 0.897 Thread 0x00000216e5a46820 1074       4       sun.security.util.math.intpoly.IntegerPolynomial$MutableElement::setProduct (58 bytes)
Event: 0.900 Thread 0x00000216e5a46ef0 nmethod 1072 0x00000216d5109f10 code [0x00000216d510a100, 0x00000216d510a660]
Event: 0.904 Thread 0x00000216e513eef0 nmethod 1080 0x00000216cd78a410 code [0x00000216cd78ac60, 0x00000216cd78f7f0]
Event: 0.904 Thread 0x00000216e513eef0 1081       3       sun.security.provider.SHA2::implCompress0 (448 bytes)
Event: 0.905 Thread 0x00000216e513eef0 nmethod 1081 0x00000216cd790c90 code [0x00000216cd790ee0, 0x00000216cd791b08]
Event: 0.905 Thread 0x00000216e513eef0 1083       3       java.nio.ByteBuffer::arrayOffset (35 bytes)
Event: 0.905 Thread 0x00000216e513eef0 nmethod 1083 0x00000216cd792210 code [0x00000216cd7923e0, 0x00000216cd7926c0]
Event: 0.905 Thread 0x00000216e513eef0 1085       3       java.security.MessageDigest$Delegate::engineUpdate (11 bytes)
Event: 0.906 Thread 0x00000216e513eef0 nmethod 1085 0x00000216cd792810 code [0x00000216cd7929c0, 0x00000216cd792ba0]
Event: 0.911 Thread 0x00000216e5a46820 nmethod 1074 0x00000216d510af90 code [0x00000216d510b180, 0x00000216d510b6e0]

GC Heap History (0 events):
No events

Dll operation events (2 events):
Event: 0.014 Loaded shared library C:\Users\Administrator\AppData\Local\Programs\IntelliJ IDEA Ultimate 2024.2.1\jbr\bin\java.dll
Event: 0.021 Loaded shared library C:\Users\Administrator\AppData\Local\Programs\IntelliJ IDEA Ultimate 2024.2.1\jbr\bin\zip.dll

Deoptimization events (20 events):
Event: 0.887 Thread 0x00000216e59328e0 Uncommon trap: trap_request=0xffffff66 fr.pc=0x00000216d51057ec relative=0x000000000000030c
Event: 0.887 Thread 0x00000216e59328e0 Uncommon trap: reason=speculate_class_check action=maybe_recompile pc=0x00000216d51057ec method=sun.security.util.math.intpoly.IntegerPolynomial.multByInt([JJ)V @ 26 c2
Event: 0.887 Thread 0x00000216e59328e0 DEOPT PACKING pc=0x00000216d51057ec sp=0x000000cf383fdfa0
Event: 0.887 Thread 0x00000216e59328e0 DEOPT UNPACKING pc=0x00000216d4b646a2 sp=0x000000cf383fdef0 mode 2
Event: 0.887 Thread 0x00000216e59328e0 Uncommon trap: trap_request=0xffffffde fr.pc=0x00000216d51005a0 relative=0x0000000000000260
Event: 0.887 Thread 0x00000216e59328e0 Uncommon trap: reason=class_check action=maybe_recompile pc=0x00000216d51005a0 method=sun.security.util.math.intpoly.IntegerPolynomial.multByInt([JJ)V @ 26 c2
Event: 0.887 Thread 0x00000216e59328e0 DEOPT PACKING pc=0x00000216d51005a0 sp=0x000000cf383fdf20
Event: 0.887 Thread 0x00000216e59328e0 DEOPT UNPACKING pc=0x00000216d4b646a2 sp=0x000000cf383fdef0 mode 2
Event: 0.887 Thread 0x00000216e59328e0 Uncommon trap: trap_request=0xffffffde fr.pc=0x00000216d51005a0 relative=0x0000000000000260
Event: 0.887 Thread 0x00000216e59328e0 Uncommon trap: reason=class_check action=maybe_recompile pc=0x00000216d51005a0 method=sun.security.util.math.intpoly.IntegerPolynomial.multByInt([JJ)V @ 26 c2
Event: 0.887 Thread 0x00000216e59328e0 DEOPT PACKING pc=0x00000216d51005a0 sp=0x000000cf383fdf20
Event: 0.887 Thread 0x00000216e59328e0 DEOPT UNPACKING pc=0x00000216d4b646a2 sp=0x000000cf383fdef0 mode 2
Event: 0.887 Thread 0x00000216e59328e0 Uncommon trap: trap_request=0xffffffde fr.pc=0x00000216d51005a0 relative=0x0000000000000260
Event: 0.887 Thread 0x00000216e59328e0 Uncommon trap: reason=class_check action=maybe_recompile pc=0x00000216d51005a0 method=sun.security.util.math.intpoly.IntegerPolynomial.multByInt([JJ)V @ 26 c2
Event: 0.887 Thread 0x00000216e59328e0 DEOPT PACKING pc=0x00000216d51005a0 sp=0x000000cf383fdf20
Event: 0.888 Thread 0x00000216e59328e0 DEOPT UNPACKING pc=0x00000216d4b646a2 sp=0x000000cf383fdef0 mode 2
Event: 0.888 Thread 0x00000216e59328e0 Uncommon trap: trap_request=0xffffffde fr.pc=0x00000216d51005a0 relative=0x0000000000000260
Event: 0.888 Thread 0x00000216e59328e0 Uncommon trap: reason=class_check action=maybe_recompile pc=0x00000216d51005a0 method=sun.security.util.math.intpoly.IntegerPolynomial.multByInt([JJ)V @ 26 c2
Event: 0.888 Thread 0x00000216e59328e0 DEOPT PACKING pc=0x00000216d51005a0 sp=0x000000cf383fdf20
Event: 0.888 Thread 0x00000216e59328e0 DEOPT UNPACKING pc=0x00000216d4b646a2 sp=0x000000cf383fdef0 mode 2

Classes loaded (20 events):
Event: 0.917 Loading class sun/util/calendar/CalendarSystem
Event: 0.917 Loading class sun/util/calendar/CalendarSystem done
Event: 0.917 Loading class sun/util/calendar/CalendarSystem$GregorianHolder
Event: 0.917 Loading class sun/util/calendar/CalendarSystem$GregorianHolder done
Event: 0.917 Loading class sun/util/calendar/Gregorian
Event: 0.917 Loading class sun/util/calendar/BaseCalendar
Event: 0.918 Loading class sun/util/calendar/AbstractCalendar
Event: 0.918 Loading class sun/util/calendar/AbstractCalendar done
Event: 0.918 Loading class sun/util/calendar/BaseCalendar done
Event: 0.918 Loading class sun/util/calendar/Gregorian done
Event: 0.918 Loading class sun/util/calendar/Gregorian$Date
Event: 0.918 Loading class sun/util/calendar/BaseCalendar$Date
Event: 0.918 Loading class sun/util/calendar/CalendarDate
Event: 0.918 Loading class sun/util/calendar/CalendarDate done
Event: 0.918 Loading class sun/util/calendar/BaseCalendar$Date done
Event: 0.918 Loading class sun/util/calendar/Gregorian$Date done
Event: 0.919 Loading class sun/util/calendar/CalendarUtils
Event: 0.919 Loading class sun/util/calendar/CalendarUtils done
Event: 0.919 Loading class java/util/Date
Event: 0.919 Loading class java/util/Date done

Classes unloaded (0 events):
No events

Classes redefined (0 events):
No events

Internal exceptions (20 events):
Event: 0.504 Thread 0x00000216c7e8d890 Exception <a 'java/lang/NoSuchMethodError'{0x0000000711109778}: 'int java.lang.invoke.DirectMethodHandle$Holder.invokeStaticInit(java.lang.Object, int, int)'> (0x0000000711109778) 
thrown [s\src\hotspot\share\interpreter\linkResolver.cpp, line 784]
Event: 0.506 Thread 0x00000216c7e8d890 Exception <a 'java/lang/NoSuchMethodError'{0x0000000711110b38}: 'int java.lang.invoke.DirectMethodHandle$Holder.invokeStaticInit(java.lang.Object, long, long)'> (0x0000000711110b38) 
thrown [s\src\hotspot\share\interpreter\linkResolver.cpp, line 784]
Event: 0.507 Thread 0x00000216c7e8d890 Exception <a 'java/lang/NoSuchMethodError'{0x0000000711117578}: 'int java.lang.invoke.DirectMethodHandle$Holder.invokeStaticInit(java.lang.Object, float, float)'> (0x0000000711117578) 
thrown [s\src\hotspot\share\interpreter\linkResolver.cpp, line 784]
Event: 0.508 Thread 0x00000216c7e8d890 Exception <a 'java/lang/NoSuchMethodError'{0x000000071111de88}: 'int java.lang.invoke.DirectMethodHandle$Holder.invokeStaticInit(java.lang.Object, double, double)'> (0x000000071111de88) 
thrown [s\src\hotspot\share\interpreter\linkResolver.cpp, line 784]
Event: 0.509 Thread 0x00000216c7e8d890 Exception <a 'java/lang/NoSuchMethodError'{0x0000000711122310}: 'int java.lang.invoke.DirectMethodHandle$Holder.invokeStatic(java.lang.Object, long)'> (0x0000000711122310) 
thrown [s\src\hotspot\share\interpreter\linkResolver.cpp, line 784]
Event: 0.516 Thread 0x00000216c7e8d890 Exception <a 'java/lang/NoSuchMethodError'{0x000000071114e190}: 'java.lang.Object java.lang.invoke.DelegatingMethodHandle$Holder.delegate(java.lang.Object, int, java.lang.Object, java.lang.Object)'> (0x000000071114e190) 
thrown [s\src\hotspot\share\interpreter\linkResolver.cpp, line 784]
Event: 0.519 Thread 0x00000216c7e8d890 Exception <a 'java/lang/NoSuchMethodError'{0x000000071115d4e8}: 'int java.lang.invoke.Invokers$Holder.linkToTargetMethod(java.lang.Object, java.lang.Object, java.lang.Object)'> (0x000000071115d4e8) 
thrown [s\src\hotspot\share\interpreter\linkResolver.cpp, line 784]
Event: 0.525 Thread 0x00000216c7e8d890 Exception <a 'java/lang/NoSuchMethodError'{0x000000071118ed90}: 'long java.lang.invoke.DirectMethodHandle$Holder.invokeSpecial(java.lang.Object, java.lang.Object)'> (0x000000071118ed90) 
thrown [s\src\hotspot\share\interpreter\linkResolver.cpp, line 784]
Event: 0.527 Thread 0x00000216c7e8d890 Exception <a 'java/lang/NoSuchMethodError'{0x0000000711195490}: 'int java.lang.invoke.DirectMethodHandle$Holder.invokeStatic(java.lang.Object, java.lang.Object, java.lang.Object, java.lang.Object)'> (0x0000000711195490) 
thrown [s\src\hotspot\share\interpreter\linkResolver.cpp, line 784]
Event: 0.527 Thread 0x00000216c7e8d890 Exception <a 'java/lang/NoSuchMethodError'{0x0000000711198860}: 'java.lang.Object java.lang.invoke.Invokers$Holder.invokeExact_MT(java.lang.Object, java.lang.Object, java.lang.Object, java.lang.Object, java.lang.Object, java.lang.Object)'> (0x0000000711198860) 
thrown [s\src\hotspot\share\interpreter\linkResolver.cpp, line 784]
Event: 0.633 Thread 0x00000216c7e8d890 Exception <a 'java/lang/NoSuchMethodError'{0x0000000710f28ee8}: 'java.lang.Object java.lang.invoke.DirectMethodHandle$Holder.newInvokeSpecial(java.lang.Object, java.lang.Object, java.lang.Object, java.lang.Object, java.lang.Object)'> (0x0000000710f28ee8) 
thrown [s\src\hotspot\share\interpreter\linkResolver.cpp, line 784]
Event: 0.672 Thread 0x00000216c7e8d890 Exception <a 'java/lang/NoSuchMethodError'{0x0000000710d192a0}: 'java.lang.Object java.lang.invoke.DirectMethodHandle$Holder.invokeSpecial(java.lang.Object, java.lang.Object, java.lang.Object, java.lang.Object, int)'> (0x0000000710d192a0) 
thrown [s\src\hotspot\share\interpreter\linkResolver.cpp, line 784]
Event: 0.673 Thread 0x00000216c7e8d890 Exception <a 'java/lang/NoSuchMethodError'{0x0000000710d1cbe8}: 'java.lang.Object java.lang.invoke.Invokers$Holder.linkToTargetMethod(java.lang.Object, java.lang.Object, int, java.lang.Object)'> (0x0000000710d1cbe8) 
thrown [s\src\hotspot\share\interpreter\linkResolver.cpp, line 784]
Event: 0.681 Thread 0x00000216c7e8d890 Exception <a 'java/lang/NoSuchMethodError'{0x0000000710d4a8f0}: 'void java.lang.invoke.DirectMethodHandle$Holder.invokeSpecial(java.lang.Object, java.lang.Object, java.lang.Object)'> (0x0000000710d4a8f0) 
thrown [s\src\hotspot\share\interpreter\linkResolver.cpp, line 784]
Event: 0.698 Thread 0x00000216c7e8d890 Exception <a 'java/lang/NoSuchMethodError'{0x0000000710dcbaa8}: 'void java.lang.invoke.DirectMethodHandle$Holder.invokeSpecial(java.lang.Object, java.lang.Object, java.lang.Object, java.lang.Object, java.lang.Object)'> (0x0000000710dcbaa8) 
thrown [s\src\hotspot\share\interpreter\linkResolver.cpp, line 784]
Event: 0.699 Thread 0x00000216e58f0390 Exception <a 'java/lang/NoSuchMethodError'{0x0000000710f7eb40}: 'void java.lang.invoke.DirectMethodHandle$Holder.invokeStatic(java.lang.Object, java.lang.Object, int)'> (0x0000000710f7eb40) 
thrown [s\src\hotspot\share\interpreter\linkResolver.cpp, line 784]
Event: 0.708 Thread 0x00000216e58f0390 Exception <a 'java/lang/NoSuchMethodError'{0x0000000710fb7610}: 'void java.lang.invoke.DirectMethodHandle$Holder.invokeStatic(java.lang.Object, java.lang.Object)'> (0x0000000710fb7610) 
thrown [s\src\hotspot\share\interpreter\linkResolver.cpp, line 784]
Event: 0.710 Thread 0x00000216e59328e0 Exception <a 'java/lang/NoSuchMethodError'{0x0000000710a1c6f0}: 'void java.lang.invoke.DirectMethodHandle$Holder.invokeInterface(java.lang.Object, java.lang.Object, java.lang.Object)'> (0x0000000710a1c6f0) 
thrown [s\src\hotspot\share\interpreter\linkResolver.cpp, line 784]
Event: 0.718 Thread 0x00000216e59328e0 Exception <a 'java/lang/NoSuchMethodError'{0x0000000710a6dd88}: 'void java.lang.invoke.DirectMethodHandle$Holder.invokeVirtual(java.lang.Object, java.lang.Object)'> (0x0000000710a6dd88) 
thrown [s\src\hotspot\share\interpreter\linkResolver.cpp, line 784]
Event: 0.876 Thread 0x00000216e59328e0 Exception <a 'java/lang/NoSuchMethodError'{0x0000000710878ea0}: 'void java.lang.invoke.DirectMethodHandle$Holder.invokeInterface(java.lang.Object, java.lang.Object)'> (0x0000000710878ea0) 
thrown [s\src\hotspot\share\interpreter\linkResolver.cpp, line 784]

ZGC Phase Switch (0 events):
No events

VM Operations (6 events):
Event: 0.167 Executing VM operation: HandshakeAllThreads (Deoptimize)
Event: 0.167 Executing VM operation: HandshakeAllThreads (Deoptimize) done
Event: 0.181 Executing VM operation: HandshakeAllThreads (Deoptimize)
Event: 0.181 Executing VM operation: HandshakeAllThreads (Deoptimize) done
Event: 0.421 Executing VM operation: HandshakeAllThreads (Deoptimize)
Event: 0.421 Executing VM operation: HandshakeAllThreads (Deoptimize) done

Events (20 events):
Event: 0.085 Thread 0x00000216e50ba330 Thread added: 0x00000216e50ba330
Event: 0.086 Thread 0x00000216e5105f80 Thread added: 0x00000216e5105f80
Event: 0.086 Thread 0x00000216e51065f0 Thread added: 0x00000216e51065f0
Event: 0.087 Thread 0x00000216e51113a0 Thread added: 0x00000216e51113a0
Event: 0.087 Thread 0x00000216e51127d0 Thread added: 0x00000216e51127d0
Event: 0.087 Thread 0x00000216e5114a10 Thread added: 0x00000216e5114a10
Event: 0.087 Thread 0x00000216e513eef0 Thread added: 0x00000216e513eef0
Event: 0.125 Thread 0x00000216e52df130 Thread added: 0x00000216e52df130
Event: 0.133 Thread 0x00000216e52e3980 Thread added: 0x00000216e52e3980
Event: 0.145 Loaded shared library C:\Users\Administrator\AppData\Local\Programs\IntelliJ IDEA Ultimate 2024.2.1\jbr\bin\net.dll
Event: 0.150 Loaded shared library C:\Users\Administrator\AppData\Local\Programs\IntelliJ IDEA Ultimate 2024.2.1\jbr\bin\nio.dll
Event: 0.161 Loaded shared library C:\Users\Administrator\AppData\Local\Programs\IntelliJ IDEA Ultimate 2024.2.1\jbr\bin\zip.dll
Event: 0.254 Loaded shared library C:\Users\Administrator\AppData\Local\Programs\IntelliJ IDEA Ultimate 2024.2.1\jbr\bin\jimage.dll
Event: 0.276 Loaded shared library C:\Users\Administrator\AppData\Local\Programs\IntelliJ IDEA Ultimate 2024.2.1\jbr\bin\sunmscapi.dll
Event: 0.618 Loaded shared library C:\Users\Administrator\AppData\Local\Programs\IntelliJ IDEA Ultimate 2024.2.1\jbr\bin\extnet.dll
Event: 0.626 Thread 0x00000216e58f0390 Thread added: 0x00000216e58f0390
Event: 0.707 Thread 0x00000216e59328e0 Thread added: 0x00000216e59328e0
Event: 0.725 Thread 0x00000216e59345f0 Thread added: 0x00000216e59345f0
Event: 0.760 Thread 0x00000216e5a46820 Thread added: 0x00000216e5a46820
Event: 0.788 Thread 0x00000216e5a46ef0 Thread added: 0x00000216e5a46ef0


Dynamic libraries:
0x00007ff689360000 - 0x00007ff68936a000 	C:\Users\Administrator\AppData\Local\Programs\IntelliJ IDEA Ultimate 2024.2.1\jbr\bin\java.exe
0x00007ffdb6e10000 - 0x00007ffdb7008000 	C:\Windows\SYSTEM32\ntdll.dll
0x00007ffdb6800000 - 0x00007ffdb68bd000 	C:\Windows\System32\KERNEL32.DLL
0x00007ffdb4a10000 - 0x00007ffdb4d06000 	C:\Windows\System32\KERNELBASE.dll
0x00007ffdb4540000 - 0x00007ffdb4640000 	C:\Windows\System32\ucrtbase.dll
0x00007ffdb0770000 - 0x00007ffdb078b000 	C:\Users\Administrator\AppData\Local\Programs\IntelliJ IDEA Ultimate 2024.2.1\jbr\bin\VCRUNTIME140.dll
0x00007ffda29b0000 - 0x00007ffda29c8000 	C:\Users\Administrator\AppData\Local\Programs\IntelliJ IDEA Ultimate 2024.2.1\jbr\bin\jli.dll
0x00007ffdb60a0000 - 0x00007ffdb623e000 	C:\Windows\System32\USER32.dll
0x00007ffdb4640000 - 0x00007ffdb4662000 	C:\Windows\System32\win32u.dll
0x00007ffd9ac90000 - 0x00007ffd9af2a000 	C:\Windows\WinSxS\amd64_microsoft.windows.common-controls_6595b64144ccf1df_6.0.19041.3636_none_60b6a03d71f818d5\COMCTL32.dll
0x00007ffdb6500000 - 0x00007ffdb659e000 	C:\Windows\System32\msvcrt.dll
0x00007ffdb66b0000 - 0x00007ffdb66dc000 	C:\Windows\System32\GDI32.dll
0x00007ffdb4670000 - 0x00007ffdb478a000 	C:\Windows\System32\gdi32full.dll
0x00007ffdb4d10000 - 0x00007ffdb4dad000 	C:\Windows\System32\msvcp_win.dll
0x00007ffdb6d10000 - 0x00007ffdb6d40000 	C:\Windows\System32\IMM32.DLL
0x00007ffdb0760000 - 0x00007ffdb076c000 	C:\Users\Administrator\AppData\Local\Programs\IntelliJ IDEA Ultimate 2024.2.1\jbr\bin\vcruntime140_1.dll
0x00007ffd84620000 - 0x00007ffd846ad000 	C:\Users\Administrator\AppData\Local\Programs\IntelliJ IDEA Ultimate 2024.2.1\jbr\bin\msvcp140.dll
0x00007ffd616e0000 - 0x00007ffd62492000 	C:\Users\Administrator\AppData\Local\Programs\IntelliJ IDEA Ultimate 2024.2.1\jbr\bin\server\jvm.dll
0x00007ffdb6310000 - 0x00007ffdb63bf000 	C:\Windows\System32\ADVAPI32.dll
0x00007ffdb6c70000 - 0x00007ffdb6d0c000 	C:\Windows\System32\sechost.dll
0x00007ffdb68c0000 - 0x00007ffdb69e6000 	C:\Windows\System32\RPCRT4.dll
0x00007ffdb6b30000 - 0x00007ffdb6b9b000 	C:\Windows\System32\WS2_32.dll
0x00007ffdb4350000 - 0x00007ffdb439b000 	C:\Windows\SYSTEM32\POWRPROF.dll
0x00007ffda72f0000 - 0x00007ffda7317000 	C:\Windows\SYSTEM32\WINMM.dll
0x00007ffdaa490000 - 0x00007ffdaa49a000 	C:\Windows\SYSTEM32\VERSION.dll
0x00007ffdb4330000 - 0x00007ffdb4342000 	C:\Windows\SYSTEM32\UMPDC.dll
0x00007ffdb2f70000 - 0x00007ffdb2f82000 	C:\Windows\SYSTEM32\kernel.appcore.dll
0x00007ffdb0750000 - 0x00007ffdb075a000 	C:\Users\Administrator\AppData\Local\Programs\IntelliJ IDEA Ultimate 2024.2.1\jbr\bin\jimage.dll
0x00007ffdb2880000 - 0x00007ffdb2a64000 	C:\Windows\SYSTEM32\DBGHELP.DLL
0x00007ffda3340000 - 0x00007ffda3374000 	C:\Windows\SYSTEM32\dbgcore.DLL
0x00007ffdb4de0000 - 0x00007ffdb4e62000 	C:\Windows\System32\bcryptPrimitives.dll
0x00007ffdb0730000 - 0x00007ffdb074f000 	C:\Users\Administrator\AppData\Local\Programs\IntelliJ IDEA Ultimate 2024.2.1\jbr\bin\java.dll
0x00007ffda8970000 - 0x00007ffda8988000 	C:\Users\Administrator\AppData\Local\Programs\IntelliJ IDEA Ultimate 2024.2.1\jbr\bin\zip.dll
0x00007ffdb56d0000 - 0x00007ffdb5e15000 	C:\Windows\System32\SHELL32.dll
0x00007ffdb2010000 - 0x00007ffdb27ab000 	C:\Windows\SYSTEM32\windows.storage.dll
0x00007ffdb52e0000 - 0x00007ffdb5634000 	C:\Windows\System32\combase.dll
0x00007ffdb3d80000 - 0x00007ffdb3dad000 	C:\Windows\SYSTEM32\Wldp.dll
0x00007ffdb5ff0000 - 0x00007ffdb609d000 	C:\Windows\System32\SHCORE.dll
0x00007ffdb6c10000 - 0x00007ffdb6c65000 	C:\Windows\System32\shlwapi.dll
0x00007ffdb4420000 - 0x00007ffdb4445000 	C:\Windows\SYSTEM32\profapi.dll
0x00007ffdb0720000 - 0x00007ffdb0730000 	C:\Users\Administrator\AppData\Local\Programs\IntelliJ IDEA Ultimate 2024.2.1\jbr\bin\net.dll
0x00007ffdae840000 - 0x00007ffdae94a000 	C:\Windows\SYSTEM32\WINHTTP.dll
0x00007ffdb3b60000 - 0x00007ffdb3bca000 	C:\Windows\system32\mswsock.dll
0x00007ffdaf710000 - 0x00007ffdaf726000 	C:\Users\Administrator\AppData\Local\Programs\IntelliJ IDEA Ultimate 2024.2.1\jbr\bin\nio.dll
0x00007ffdaf700000 - 0x00007ffdaf70e000 	C:\Users\Administrator\AppData\Local\Programs\IntelliJ IDEA Ultimate 2024.2.1\jbr\bin\sunmscapi.dll
0x00007ffdb4790000 - 0x00007ffdb48ed000 	C:\Windows\System32\CRYPT32.dll
0x00007ffdb3eb0000 - 0x00007ffdb3ed7000 	C:\Windows\SYSTEM32\ncrypt.dll
0x00007ffdb3e10000 - 0x00007ffdb3e4b000 	C:\Windows\SYSTEM32\NTASN1.dll
0x00007ffdb3dc0000 - 0x00007ffdb3dd8000 	C:\Windows\SYSTEM32\CRYPTSP.dll
0x00007ffdb34b0000 - 0x00007ffdb34e4000 	C:\Windows\system32\rsaenh.dll
0x00007ffdb4db0000 - 0x00007ffdb4dd7000 	C:\Windows\System32\bcrypt.dll
0x00007ffdb43a0000 - 0x00007ffdb43ce000 	C:\Windows\SYSTEM32\USERENV.dll
0x00007ffdb3cf0000 - 0x00007ffdb3cfc000 	C:\Windows\SYSTEM32\CRYPTBASE.dll
0x00007ffdb3870000 - 0x00007ffdb38ab000 	C:\Windows\SYSTEM32\IPHLPAPI.DLL
0x00007ffdb64f0000 - 0x00007ffdb64f8000 	C:\Windows\System32\NSI.dll
0x00007ffda9440000 - 0x00007ffda9447000 	C:\Windows\system32\wshunix.dll
0x00007ffdaf2e0000 - 0x00007ffdaf2e9000 	C:\Users\Administrator\AppData\Local\Programs\IntelliJ IDEA Ultimate 2024.2.1\jbr\bin\extnet.dll

dbghelp: loaded successfully - version: 4.0.5 - missing functions: none
symbol engine: initialized successfully - sym options: 0x614 - pdb path: .;C:\Users\Administrator\AppData\Local\Programs\IntelliJ IDEA Ultimate 2024.2.1\jbr\bin;C:\Windows\SYSTEM32;C:\Windows\WinSxS\amd64_microsoft.windows.common-controls_6595b64144ccf1df_6.0.19041.3636_none_60b6a03d71f818d5;C:\Users\Administrator\AppData\Local\Programs\IntelliJ IDEA Ultimate 2024.2.1\jbr\bin\server

VM Arguments:
java_command: git4idea.http.GitAskPassApp Username for 'https://github.com': 
java_class_path (initial): C:/Users/Administrator/AppData/Local/Programs/IntelliJ IDEA Ultimate 2024.2.1/plugins/vcs-git/lib/git4idea-rt.jar;C:/Users/Administrator/AppData/Local/Programs/IntelliJ IDEA Ultimate 2024.2.1/lib/externalProcess-rt.jar
Launcher Type: SUN_STANDARD

[Global flags]
     intx CICompilerCount                          = 4                                         {product} {ergonomic}
     uint ConcGCThreads                            = 3                                         {product} {ergonomic}
     uint G1ConcRefinementThreads                  = 10                                        {product} {ergonomic}
   size_t G1HeapRegionSize                         = 2097152                                   {product} {ergonomic}
    uintx GCDrainStackTargetSize                   = 64                                        {product} {ergonomic}
   size_t InitialHeapSize                          = 268435456                                 {product} {ergonomic}
   size_t MarkStackSize                            = 4194304                                   {product} {ergonomic}
   size_t MaxHeapSize                              = 4269801472                                {product} {ergonomic}
   size_t MaxNewSize                               = 2560622592                                {product} {ergonomic}
   size_t MinHeapDeltaBytes                        = 2097152                                   {product} {ergonomic}
   size_t MinHeapSize                              = 8388608                                   {product} {ergonomic}
    uintx NonNMethodCodeHeapSize                   = 5839372                                {pd product} {ergonomic}
    uintx NonProfiledCodeHeapSize                  = 122909434                              {pd product} {ergonomic}
    uintx ProfiledCodeHeapSize                     = 122909434                              {pd product} {ergonomic}
    uintx ReservedCodeCacheSize                    = 251658240                              {pd product} {ergonomic}
     bool SegmentedCodeCache                       = true                                      {product} {ergonomic}
   size_t SoftMaxHeapSize                          = 4269801472                             {manageable} {ergonomic}
     bool UseCompressedOops                        = true                           {product lp64_product} {ergonomic}
     bool UseG1GC                                  = true                                      {product} {ergonomic}
     bool UseLargePagesIndividualAllocation        = false                                  {pd product} {ergonomic}

Logging:
Log output configuration:
 #0: stdout all=warning uptime,level,tags foldmultilines=false
 #1: stderr all=off uptime,level,tags foldmultilines=false

Environment Variables:
PATH=D:\Git\mingw32\libexec\git-core;D:\Git\mingw32\libexec\git-core;D:\Git\mingw32\bin;D:\Git\usr\bin;C:\Users\Administrator\bin;C:\Users\Administrator\AppData\Local\Programs\Python\Python312\Scripts;C:\Users\Administrator\AppData\Local\Programs\Python\Python312;G:\ZULU 17\bin;E:\JDK17\bin;F:\Ai-Bot2.0;F:\Ai-Bot2.0\env\DevicesShadow;C:\Program Files\OpenSSH;C:\Program Files (x86)\Common Files\Oracle\Java\javapath;C:\Windows\system32;C:\Windows;C:\Windows\System32\Wbem;C:\Windows\System32\WindowsPowerShell\v1.0;C:\Windows\System32\OpenSSH;C:\Program Files (x86)\NVIDIA Corporation\PhysX\Common;C:\Program Files\NVIDIA Corporation\NVIDIA NvDLISR;C:\Program Files\Microsoft SQL Server\150\Tools\Binn;C:\Program Files\dotnet;D:\010 Editor;E:\;F:\Git\cmd;G:\apache-maven-3.9.2\bin;E:\gradle-8.1.1\bin;G:\git cli;C:\Program Files\PuTTY;C:\Program Files\python;C:\Program Files\python\Scripts;D:\BtSoft\panel\script;D:\Git\cmd;C:\Program Files\ccl-lisp;C:\Program Files\Bandizip;G:\Nodejs;C:\ProgramData\chocolatey\bin;E:\diskdisk\bin\php;C:\Users\Administrator\Downloads\w64devkit\bin;C:\composer;D:\SimbinedC\LLVM\Release\bin;F:\LLVM\bin;C:\Program Files\MySQL\MySQL Shell 8.0\bin;C:\Users\Administrator\AppData\Local\Microsoft\WindowsApps;E:\Microsoft VS Code\bin;F:\PyCharm 2024.1.3\bin;F:\IntelliJ IDEA Community Edition 2024.1.4\bin;C:\clisp;H:\Kylin\kylin-language\kylin-language-master\release\kylin_language.jar;H:\PHPStorm2021\PhpStorm 2021.1.3\bin;C:\Users\Administrator\AppData\Local\Microsoft\WinGet\Links;C:\Users\Administrator\AppData\Roaming\npm;H:\bin\php\php.exe;C:\Users\Administrator\AppData\Roaming\Composer\vendor\bin;F:\PycharmCommunity\PyCharm Community Edition 2024.1.5\bin;D:\w64devkit\bin;D:\SimbinedC\LLVM\Release\bin
USERNAME=Administrator
DISPLAY=:0.0
LC_ALL=en_US.UTF-8
TERM=xterm-256color
TMPDIR=C:\Users\Administrator\AppData\Local\Temp
OS=Windows_NT
PROCESSOR_IDENTIFIER=Intel64 Family 6 Model 165 Stepping 3, GenuineIntel
TMP=C:\Users\Administrator\AppData\Local\Temp
TEMP=C:\Users\Administrator\AppData\Local\Temp




Periodic native trim disabled

JNI global refs:
JNI global refs: 21, weak refs: 0

JNI global refs memory usage: 835, weak refs: 201

Process memory usage:
Resident Set Size: 85896K (0% of 16672368K total physical memory with 3899300K free physical memory)

OOME stack traces (most recent first):
Classloader memory used:
Loader bootstrap                                                                       : 16185K
Loader jdk.internal.loader.ClassLoaders$PlatformClassLoader                            : 1899K
Loader jdk.internal.loader.ClassLoaders$AppClassLoader                                 : 16456B

---------------  S Y S T E M  ---------------

OS:
 Windows 10 , 64 bit Build 19041 (10.0.19041.3636)
OS uptime: 0 days 1:52 hours
Hyper-V role detected

CPU: total 12 (initial active 12) (6 cores per cpu, 2 threads per core) family 6 model 165 stepping 3 microcode 0xea, cx8, cmov, fxsr, ht, mmx, 3dnowpref, sse, sse2, sse3, ssse3, sse4.1, sse4.2, popcnt, lzcnt, tsc, tscinvbit, avx, avx2, aes, erms, clmul, bmi1, bmi2, adx, fma, vzeroupper, clflush, clflushopt, hv, rdtscp, f16c
Processor Information for all 12 processors :
  Max Mhz: 2904, Current Mhz: 2904, Mhz Limit: 2904

Memory: 4k page, system-wide physical 16281M (3807M free)
TotalPageFile size 18780M (AvailPageFile size 5M)
current process WorkingSet (physical memory assigned to process): 83M, peak: 83M
current process commit charge ("private bytes"): 366M, peak: 367M

vm_info: OpenJDK 64-Bit Server VM (21.0.3+13-b509.11) for windows-amd64 JRE (21.0.3+13-b509.11), built on 2024-08-12 by "builduser" with MS VC++ 16.10 / 16.11 (VS2019)

END.
